[debug] [2025-06-30T08:02:29.631Z] ----------------------------------------------------------------------
[debug] [2025-06-30T08:02:29.635Z] Command:       C:\Program Files\nodejs\node.exe C:\Users\Lenovo\AppData\Roaming\npm\node_modules\firebase-tools\lib\bin\firebase.js init
[debug] [2025-06-30T08:02:29.635Z] CLI Version:   14.9.0
[debug] [2025-06-30T08:02:29.636Z] Platform:      win32
[debug] [2025-06-30T08:02:29.636Z] Node Version:  v22.17.0
[debug] [2025-06-30T08:02:29.637Z] Time:          Mon Jun 30 2025 15:02:29 GMT+0700 (Indochina Time)
[debug] [2025-06-30T08:02:29.637Z] ----------------------------------------------------------------------
[debug] 
[debug] [2025-06-30T08:02:29.646Z] > command requires scopes: ["email","openid","https://www.googleapis.com/auth/cloudplatformprojects.readonly","https://www.googleapis.com/auth/firebase","https://www.googleapis.com/auth/cloud-platform"]
[debug] [2025-06-30T08:02:29.647Z] > authorizing via signed-in user (trangtnhhe189002@fpt.edu.vn)
[info] 
     ######## #### ########  ######## ########     ###     ######  ########
     ##        ##  ##     ## ##       ##     ##  ##   ##  ##       ##
     ######    ##  ########  ######   ########  #########  ######  ######
     ##        ##  ##    ##  ##       ##     ## ##     ##       ## ##
     ##       #### ##     ## ######## ########  ##     ##  ######  ########

You're about to initialize a Firebase project in this directory:

  D:\TIMO\Timo

[info] 
=== Project Setup
[info] 
[info] First, let's associate this project directory with a Firebase project.
[info] You can create multiple project aliases by running firebase use --add, 
[info] but for now we'll just set up a default project.
[info] 
[debug] [2025-06-30T08:03:39.255Z] Checked if tokens are valid: true, expires at: 1751273781352
[debug] [2025-06-30T08:03:39.255Z] Checked if tokens are valid: true, expires at: 1751273781352
[debug] [2025-06-30T08:03:39.257Z] >>> [apiv2][query] GET https://firebase.googleapis.com/v1beta1/projects pageSize=100
[debug] [2025-06-30T08:03:40.125Z] <<< [apiv2][status] GET https://firebase.googleapis.com/v1beta1/projects 200
[debug] [2025-06-30T08:03:40.126Z] <<< [apiv2][body] GET https://firebase.googleapis.com/v1beta1/projects [omitted]
